2026-03-21 00:10:07,920 - INFO - Pipeline started
2026-03-21 00:10:08,594 - ERROR - Error: name 'pd' is not defined
2026-03-21 00:10:58,753 - INFO - Pipeline started
2026-03-21 00:10:59,239 - ERROR - Error: name 'pd' is not defined
2026-03-21 00:11:34,607 - INFO - Pipeline started
2026-03-21 00:11:35,176 - ERROR - Error: name 'pd' is not defined
2026-03-21 00:12:40,034 - INFO - Pipeline started
2026-03-21 00:12:40,505 - ERROR - Error: name 'pd' is not defined
2026-03-21 00:14:15,032 - INFO - Pipeline started
2026-03-21 00:14:15,506 - ERROR - Error: name 'pd' is not defined
2026-03-21 00:14:29,796 - INFO - Pipeline started
2026-03-21 00:14:30,215 - ERROR - Error: name 'pd' is not defined
2026-03-21 00:15:54,254 - INFO - Pipeline started
2026-03-21 00:15:54,809 - INFO - Pipeline completed successfully
2026-03-21 00:19:22,108 - INFO - Pipeline started
2026-03-21 00:19:22,906 - ERROR - Error: 'Profit'
2026-03-21 00:19:35,364 - INFO - Pipeline started
2026-03-21 00:19:35,711 - ERROR - Error: 'Profit'
2026-03-21 00:20:59,365 - INFO - Pipeline started
2026-03-21 00:20:59,683 - ERROR - Error: 'Profit'
2026-03-21 00:22:53,305 - INFO - Pipeline started
2026-03-21 00:22:53,770 - ERROR - Error: name 'total_profit' is not defined
2026-03-21 00:23:15,075 - INFO - Pipeline started
2026-03-21 00:23:15,429 - INFO - Pipeline completed successfully
2026-03-21 00:23:31,466 - INFO - Pipeline started
2026-03-21 00:23:32,398 - INFO - Pipeline completed successfully
2026-03-21 00:53:53,966 - INFO - Pipeline started
2026-03-21 00:53:54,809 - INFO - Pipeline completed successfully
2026-03-21 01:04:17,797 - INFO - Pipeline started
2026-03-21 01:04:18,935 - INFO - Pipeline completed successfully
